<?xml version="1.0" encoding="UTF-8"?>
<testsuite xmlns:xsi="http://www.w3.org/2001/XMLSchema-instance" xsi:noNamespaceSchemaLocation="https://maven.apache.org/surefire/maven-surefire-plugin/xsd/surefire-test-report.xsd" name="org.sdrc.sparkai.sparkai.SparkaiApplicationTests" time="0.962" tests="1" errors="1" skipped="0" failures="0">
  <properties>
    <property name="sun.desktop" value="windows"/>
    <property name="awt.toolkit" value="sun.awt.windows.WToolkit"/>
    <property name="file.encoding.pkg" value="sun.io"/>
    <property name="java.specification.version" value="1.8"/>
    <property name="sun.cpu.isalist" value="amd64"/>
    <property name="sun.jnu.encoding" value="Cp1252"/>
    <property name="java.class.path" value="e:\Spark Liquid Workspace\back-end\SparkLiquid\target\test-classes;e:\Spark Liquid Workspace\back-end\SparkLiquid\target\classes;C:\Users\SDRC_DEV\.m2\repository\org\springframework\boot\spring-boot-starter-web\2.1.1.RELEASE\spring-boot-starter-web-2.1.1.RELEASE.jar;C:\Users\SDRC_DEV\.m2\repository\org\springframework\boot\spring-boot-starter\2.1.1.RELEASE\spring-boot-starter-2.1.1.RELEASE.jar;C:\Users\SDRC_DEV\.m2\repository\org\springframework\boot\spring-boot-starter-logging\2.1.1.RELEASE\spring-boot-starter-logging-2.1.1.RELEASE.jar;C:\Users\SDRC_DEV\.m2\repository\ch\qos\logback\logback-classic\1.2.3\logback-classic-1.2.3.jar;C:\Users\SDRC_DEV\.m2\repository\ch\qos\logback\logback-core\1.2.3\logback-core-1.2.3.jar;C:\Users\SDRC_DEV\.m2\repository\org\apache\logging\log4j\log4j-to-slf4j\2.11.1\log4j-to-slf4j-2.11.1.jar;C:\Users\SDRC_DEV\.m2\repository\org\apache\logging\log4j\log4j-api\2.11.1\log4j-api-2.11.1.jar;C:\Users\SDRC_DEV\.m2\repository\javax\annotation\javax.annotation-api\1.3.2\javax.annotation-api-1.3.2.jar;C:\Users\SDRC_DEV\.m2\repository\org\yaml\snakeyaml\1.23\snakeyaml-1.23.jar;C:\Users\SDRC_DEV\.m2\repository\org\springframework\boot\spring-boot-starter-json\2.1.1.RELEASE\spring-boot-starter-json-2.1.1.RELEASE.jar;C:\Users\SDRC_DEV\.m2\repository\com\fasterxml\jackson\datatype\jackson-datatype-jdk8\2.9.7\jackson-datatype-jdk8-2.9.7.jar;C:\Users\SDRC_DEV\.m2\repository\com\fasterxml\jackson\datatype\jackson-datatype-jsr310\2.9.7\jackson-datatype-jsr310-2.9.7.jar;C:\Users\SDRC_DEV\.m2\repository\com\fasterxml\jackson\module\jackson-module-parameter-names\2.9.7\jackson-module-parameter-names-2.9.7.jar;C:\Users\SDRC_DEV\.m2\repository\org\springframework\boot\spring-boot-starter-tomcat\2.1.1.RELEASE\spring-boot-starter-tomcat-2.1.1.RELEASE.jar;C:\Users\SDRC_DEV\.m2\repository\org\apache\tomcat\embed\tomcat-embed-core\9.0.13\tomcat-embed-core-9.0.13.jar;C:\Users\SDRC_DEV\.m2\repository\org\apache\tomcat\embed\tomcat-embed-el\9.0.13\tomcat-embed-el-9.0.13.jar;C:\Users\SDRC_DEV\.m2\repository\org\apache\tomcat\embed\tomcat-embed-websocket\9.0.13\tomcat-embed-websocket-9.0.13.jar;C:\Users\SDRC_DEV\.m2\repository\org\hibernate\validator\hibernate-validator\6.0.13.Final\hibernate-validator-6.0.13.Final.jar;C:\Users\SDRC_DEV\.m2\repository\javax\validation\validation-api\2.0.1.Final\validation-api-2.0.1.Final.jar;C:\Users\SDRC_DEV\.m2\repository\org\jboss\logging\jboss-logging\3.3.2.Final\jboss-logging-3.3.2.Final.jar;C:\Users\SDRC_DEV\.m2\repository\com\fasterxml\classmate\1.4.0\classmate-1.4.0.jar;C:\Users\SDRC_DEV\.m2\repository\org\springframework\spring-web\5.1.3.RELEASE\spring-web-5.1.3.RELEASE.jar;C:\Users\SDRC_DEV\.m2\repository\org\springframework\spring-beans\5.1.3.RELEASE\spring-beans-5.1.3.RELEASE.jar;C:\Users\SDRC_DEV\.m2\repository\org\springframework\spring-webmvc\5.1.3.RELEASE\spring-webmvc-5.1.3.RELEASE.jar;C:\Users\SDRC_DEV\.m2\repository\org\springframework\spring-aop\5.1.3.RELEASE\spring-aop-5.1.3.RELEASE.jar;C:\Users\SDRC_DEV\.m2\repository\org\springframework\spring-context\5.1.3.RELEASE\spring-context-5.1.3.RELEASE.jar;C:\Users\SDRC_DEV\.m2\repository\org\springframework\spring-expression\5.1.3.RELEASE\spring-expression-5.1.3.RELEASE.jar;C:\Users\SDRC_DEV\.m2\repository\org\springframework\boot\spring-boot-devtools\2.1.1.RELEASE\spring-boot-devtools-2.1.1.RELEASE.jar;C:\Users\SDRC_DEV\.m2\repository\org\springframework\boot\spring-boot\2.1.1.RELEASE\spring-boot-2.1.1.RELEASE.jar;C:\Users\SDRC_DEV\.m2\repository\org\springframework\boot\spring-boot-autoconfigure\2.1.1.RELEASE\spring-boot-autoconfigure-2.1.1.RELEASE.jar;C:\Users\SDRC_DEV\.m2\repository\org\springframework\boot\spring-boot-starter-test\2.1.1.RELEASE\spring-boot-starter-test-2.1.1.RELEASE.jar;C:\Users\SDRC_DEV\.m2\repository\org\springframework\boot\spring-boot-test\2.1.1.RELEASE\spring-boot-test-2.1.1.RELEASE.jar;C:\Users\SDRC_DEV\.m2\repository\org\springframework\boot\spring-boot-test-autoconfigure\2.1.1.RELEASE\spring-boot-test-autoconfigure-2.1.1.RELEASE.jar;C:\Users\SDRC_DEV\.m2\repository\com\jayway\jsonpath\json-path\2.4.0\json-path-2.4.0.jar;C:\Users\SDRC_DEV\.m2\repository\net\minidev\json-smart\2.3\json-smart-2.3.jar;C:\Users\SDRC_DEV\.m2\repository\net\minidev\accessors-smart\1.2\accessors-smart-1.2.jar;C:\Users\SDRC_DEV\.m2\repository\org\ow2\asm\asm\5.0.4\asm-5.0.4.jar;C:\Users\SDRC_DEV\.m2\repository\org\slf4j\slf4j-api\1.7.25\slf4j-api-1.7.25.jar;C:\Users\SDRC_DEV\.m2\repository\junit\junit\4.12\junit-4.12.jar;C:\Users\SDRC_DEV\.m2\repository\org\assertj\assertj-core\3.11.1\assertj-core-3.11.1.jar;C:\Users\SDRC_DEV\.m2\repository\org\mockito\mockito-core\2.23.4\mockito-core-2.23.4.jar;C:\Users\SDRC_DEV\.m2\repository\net\bytebuddy\byte-buddy\1.9.5\byte-buddy-1.9.5.jar;C:\Users\SDRC_DEV\.m2\repository\net\bytebuddy\byte-buddy-agent\1.9.5\byte-buddy-agent-1.9.5.jar;C:\Users\SDRC_DEV\.m2\repository\org\objenesis\objenesis\2.6\objenesis-2.6.jar;C:\Users\SDRC_DEV\.m2\repository\org\hamcrest\hamcrest-core\1.3\hamcrest-core-1.3.jar;C:\Users\SDRC_DEV\.m2\repository\org\hamcrest\hamcrest-library\1.3\hamcrest-library-1.3.jar;C:\Users\SDRC_DEV\.m2\repository\org\skyscreamer\jsonassert\1.5.0\jsonassert-1.5.0.jar;C:\Users\SDRC_DEV\.m2\repository\com\vaadin\external\google\android-json\0.0.20131108.vaadin1\android-json-0.0.20131108.vaadin1.jar;C:\Users\SDRC_DEV\.m2\repository\org\springframework\spring-core\5.1.3.RELEASE\spring-core-5.1.3.RELEASE.jar;C:\Users\SDRC_DEV\.m2\repository\org\springframework\spring-jcl\5.1.3.RELEASE\spring-jcl-5.1.3.RELEASE.jar;C:\Users\SDRC_DEV\.m2\repository\org\springframework\spring-test\5.1.3.RELEASE\spring-test-5.1.3.RELEASE.jar;C:\Users\SDRC_DEV\.m2\repository\org\xmlunit\xmlunit-core\2.6.2\xmlunit-core-2.6.2.jar;C:\Users\SDRC_DEV\.m2\repository\org\apache\spark\spark-sql_2.11\2.3.1\spark-sql_2.11-2.3.1.jar;C:\Users\SDRC_DEV\.m2\repository\com\univocity\univocity-parsers\2.5.9\univocity-parsers-2.5.9.jar;C:\Users\SDRC_DEV\.m2\repository\org\apache\spark\spark-sketch_2.11\2.3.1\spark-sketch_2.11-2.3.1.jar;C:\Users\SDRC_DEV\.m2\repository\org\apache\spark\spark-core_2.11\2.3.1\spark-core_2.11-2.3.1.jar;C:\Users\SDRC_DEV\.m2\repository\org\apache\avro\avro\1.7.7\avro-1.7.7.jar;C:\Users\SDRC_DEV\.m2\repository\com\thoughtworks\paranamer\paranamer\2.3\paranamer-2.3.jar;C:\Users\SDRC_DEV\.m2\repository\org\apache\commons\commons-compress\1.4.1\commons-compress-1.4.1.jar;C:\Users\SDRC_DEV\.m2\repository\org\tukaani\xz\1.0\xz-1.0.jar;C:\Users\SDRC_DEV\.m2\repository\org\apache\avro\avro-mapred\1.7.7\avro-mapred-1.7.7-hadoop2.jar;C:\Users\SDRC_DEV\.m2\repository\org\apache\avro\avro-ipc\1.7.7\avro-ipc-1.7.7.jar;C:\Users\SDRC_DEV\.m2\repository\org\apache\avro\avro-ipc\1.7.7\avro-ipc-1.7.7-tests.jar;C:\Users\SDRC_DEV\.m2\repository\com\twitter\chill_2.11\0.8.4\chill_2.11-0.8.4.jar;C:\Users\SDRC_DEV\.m2\repository\com\twitter\chill-java\0.8.4\chill-java-0.8.4.jar;C:\Users\SDRC_DEV\.m2\repository\org\apache\hadoop\hadoop-client\2.6.5\hadoop-client-2.6.5.jar;C:\Users\SDRC_DEV\.m2\repository\org\apache\hadoop\hadoop-common\2.6.5\hadoop-common-2.6.5.jar;C:\Users\SDRC_DEV\.m2\repository\commons-cli\commons-cli\1.2\commons-cli-1.2.jar;C:\Users\SDRC_DEV\.m2\repository\xmlenc\xmlenc\0.52\xmlenc-0.52.jar;C:\Users\SDRC_DEV\.m2\repository\commons-httpclient\commons-httpclient\3.1\commons-httpclient-3.1.jar;C:\Users\SDRC_DEV\.m2\repository\commons-io\commons-io\2.4\commons-io-2.4.jar;C:\Users\SDRC_DEV\.m2\repository\commons-collections\commons-collections\3.2.2\commons-collections-3.2.2.jar;C:\Users\SDRC_DEV\.m2\repository\commons-configuration\commons-configuration\1.6\commons-configuration-1.6.jar;C:\Users\SDRC_DEV\.m2\repository\commons-digester\commons-digester\1.8\commons-digester-1.8.jar;C:\Users\SDRC_DEV\.m2\repository\commons-beanutils\commons-beanutils\1.7.0\commons-beanutils-1.7.0.jar;C:\Users\SDRC_DEV\.m2\repository\commons-beanutils\commons-beanutils-core\1.8.0\commons-beanutils-core-1.8.0.jar;C:\Users\SDRC_DEV\.m2\repository\com\google\code\gson\gson\2.8.5\gson-2.8.5.jar;C:\Users\SDRC_DEV\.m2\repository\org\apache\hadoop\hadoop-auth\2.6.5\hadoop-auth-2.6.5.jar;C:\Users\SDRC_DEV\.m2\repository\org\apache\directory\server\apacheds-kerberos-codec\2.0.0-M15\apacheds-kerberos-codec-2.0.0-M15.jar;C:\Users\SDRC_DEV\.m2\repository\org\apache\directory\server\apacheds-i18n\2.0.0-M15\apacheds-i18n-2.0.0-M15.jar;C:\Users\SDRC_DEV\.m2\repository\org\apache\directory\api\api-asn1-api\1.0.0-M20\api-asn1-api-1.0.0-M20.jar;C:\Users\SDRC_DEV\.m2\repository\org\apache\directory\api\api-util\1.0.0-M20\api-util-1.0.0-M20.jar;C:\Users\SDRC_DEV\.m2\repository\org\apache\curator\curator-client\2.6.0\curator-client-2.6.0.jar;C:\Users\SDRC_DEV\.m2\repository\org\htrace\htrace-core\3.0.4\htrace-core-3.0.4.jar;C:\Users\SDRC_DEV\.m2\repository\org\apache\hadoop\hadoop-hdfs\2.6.5\hadoop-hdfs-2.6.5.jar;C:\Users\SDRC_DEV\.m2\repository\org\mortbay\jetty\jetty-util\6.1.26\jetty-util-6.1.26.jar;C:\Users\SDRC_DEV\.m2\repository\xerces\xercesImpl\2.9.1\xercesImpl-2.9.1.jar;C:\Users\SDRC_DEV\.m2\repository\xml-apis\xml-apis\1.4.01\xml-apis-1.4.01.jar;C:\Users\SDRC_DEV\.m2\repository\org\apache\hadoop\hadoop-mapreduce-client-app\2.6.5\hadoop-mapreduce-client-app-2.6.5.jar;C:\Users\SDRC_DEV\.m2\repository\org\apache\hadoop\hadoop-mapreduce-client-common\2.6.5\hadoop-mapreduce-client-common-2.6.5.jar;C:\Users\SDRC_DEV\.m2\repository\org\apache\hadoop\hadoop-yarn-client\2.6.5\hadoop-yarn-client-2.6.5.jar;C:\Users\SDRC_DEV\.m2\repository\org\apache\hadoop\hadoop-yarn-server-common\2.6.5\hadoop-yarn-server-common-2.6.5.jar;C:\Users\SDRC_DEV\.m2\repository\org\apache\hadoop\hadoop-mapreduce-client-shuffle\2.6.5\hadoop-mapreduce-client-shuffle-2.6.5.jar;C:\Users\SDRC_DEV\.m2\repository\org\apache\hadoop\hadoop-yarn-api\2.6.5\hadoop-yarn-api-2.6.5.jar;C:\Users\SDRC_DEV\.m2\repository\org\apache\hadoop\hadoop-mapreduce-client-core\2.6.5\hadoop-mapreduce-client-core-2.6.5.jar;C:\Users\SDRC_DEV\.m2\repository\org\apache\hadoop\hadoop-yarn-common\2.6.5\hadoop-yarn-common-2.6.5.jar;C:\Users\SDRC_DEV\.m2\repository\javax\xml\bind\jaxb-api\2.3.1\jaxb-api-2.3.1.jar;C:\Users\SDRC_DEV\.m2\repository\javax\activation\javax.activation-api\1.2.0\javax.activation-api-1.2.0.jar;C:\Users\SDRC_DEV\.m2\repository\org\codehaus\jackson\jackson-jaxrs\1.9.13\jackson-jaxrs-1.9.13.jar;C:\Users\SDRC_DEV\.m2\repository\org\codehaus\jackson\jackson-xc\1.9.13\jackson-xc-1.9.13.jar;C:\Users\SDRC_DEV\.m2\repository\org\apache\hadoop\hadoop-mapreduce-client-jobclient\2.6.5\hadoop-mapreduce-client-jobclient-2.6.5.jar;C:\Users\SDRC_DEV\.m2\repository\org\apache\hadoop\hadoop-annotations\2.6.5\hadoop-annotations-2.6.5.jar;C:\Users\SDRC_DEV\.m2\repository\org\apache\spark\spark-launcher_2.11\2.3.1\spark-launcher_2.11-2.3.1.jar;C:\Users\SDRC_DEV\.m2\repository\org\apache\spark\spark-kvstore_2.11\2.3.1\spark-kvstore_2.11-2.3.1.jar;C:\Users\SDRC_DEV\.m2\repository\org\fusesource\leveldbjni\leveldbjni-all\1.8\leveldbjni-all-1.8.jar;C:\Users\SDRC_DEV\.m2\repository\org\apache\spark\spark-network-common_2.11\2.3.1\spark-network-common_2.11-2.3.1.jar;C:\Users\SDRC_DEV\.m2\repository\org\apache\spark\spark-network-shuffle_2.11\2.3.1\spark-network-shuffle_2.11-2.3.1.jar;C:\Users\SDRC_DEV\.m2\repository\org\apache\spark\spark-unsafe_2.11\2.3.1\spark-unsafe_2.11-2.3.1.jar;C:\Users\SDRC_DEV\.m2\repository\net\java\dev\jets3t\jets3t\0.9.4\jets3t-0.9.4.jar;C:\Users\SDRC_DEV\.m2\repository\org\apache\httpcomponents\httpcore\4.4.10\httpcore-4.4.10.jar;C:\Users\SDRC_DEV\.m2\repository\org\apache\httpcomponents\httpclient\4.5.6\httpclient-4.5.6.jar;C:\Users\SDRC_DEV\.m2\repository\javax\activation\activation\1.1.1\activation-1.1.1.jar;C:\Users\SDRC_DEV\.m2\repository\org\bouncycastle\bcprov-jdk15on\1.52\bcprov-jdk15on-1.52.jar;C:\Users\SDRC_DEV\.m2\repository\com\jamesmurty\utils\java-xmlbuilder\1.1\java-xmlbuilder-1.1.jar;C:\Users\SDRC_DEV\.m2\repository\net\iharder\base64\2.3.8\base64-2.3.8.jar;C:\Users\SDRC_DEV\.m2\repository\org\apache\curator\curator-recipes\2.6.0\curator-recipes-2.6.0.jar;C:\Users\SDRC_DEV\.m2\repository\org\apache\curator\curator-framework\2.6.0\curator-framework-2.6.0.jar;C:\Users\SDRC_DEV\.m2\repository\org\apache\zookeeper\zookeeper\3.4.6\zookeeper-3.4.6.jar;C:\Users\SDRC_DEV\.m2\repository\com\google\guava\guava\16.0.1\guava-16.0.1.jar;C:\Users\SDRC_DEV\.m2\repository\javax\servlet\javax.servlet-api\4.0.1\javax.servlet-api-4.0.1.jar;C:\Users\SDRC_DEV\.m2\repository\org\apache\commons\commons-lang3\3.8.1\commons-lang3-3.8.1.jar;C:\Users\SDRC_DEV\.m2\repository\com\google\code\findbugs\jsr305\1.3.9\jsr305-1.3.9.jar;C:\Users\SDRC_DEV\.m2\repository\org\slf4j\jul-to-slf4j\1.7.25\jul-to-slf4j-1.7.25.jar;C:\Users\SDRC_DEV\.m2\repository\org\slf4j\jcl-over-slf4j\1.7.25\jcl-over-slf4j-1.7.25.jar;C:\Users\SDRC_DEV\.m2\repository\log4j\log4j\1.2.17\log4j-1.2.17.jar;C:\Users\SDRC_DEV\.m2\repository\org\slf4j\slf4j-log4j12\1.7.25\slf4j-log4j12-1.7.25.jar;C:\Users\SDRC_DEV\.m2\repository\com\ning\compress-lzf\1.0.3\compress-lzf-1.0.3.jar;C:\Users\SDRC_DEV\.m2\repository\org\xerial\snappy\snappy-java\1.1.2.6\snappy-java-1.1.2.6.jar;C:\Users\SDRC_DEV\.m2\repository\org\lz4\lz4-java\1.4.0\lz4-java-1.4.0.jar;C:\Users\SDRC_DEV\.m2\repository\com\github\luben\zstd-jni\1.3.2-2\zstd-jni-1.3.2-2.jar;C:\Users\SDRC_DEV\.m2\repository\org\roaringbitmap\RoaringBitmap\0.5.11\RoaringBitmap-0.5.11.jar;C:\Users\SDRC_DEV\.m2\repository\commons-net\commons-net\2.2\commons-net-2.2.jar;C:\Users\SDRC_DEV\.m2\repository\org\scala-lang\scala-library\2.11.8\scala-library-2.11.8.jar;C:\Users\SDRC_DEV\.m2\repository\org\json4s\json4s-jackson_2.11\3.2.11\json4s-jackson_2.11-3.2.11.jar;C:\Users\SDRC_DEV\.m2\repository\org\json4s\json4s-core_2.11\3.2.11\json4s-core_2.11-3.2.11.jar;C:\Users\SDRC_DEV\.m2\repository\org\json4s\json4s-ast_2.11\3.2.11\json4s-ast_2.11-3.2.11.jar;C:\Users\SDRC_DEV\.m2\repository\org\scala-lang\scalap\2.11.0\scalap-2.11.0.jar;C:\Users\SDRC_DEV\.m2\repository\org\scala-lang\scala-compiler\2.11.0\scala-compiler-2.11.0.jar;C:\Users\SDRC_DEV\.m2\repository\org\scala-lang\modules\scala-xml_2.11\1.0.1\scala-xml_2.11-1.0.1.jar;C:\Users\SDRC_DEV\.m2\repository\org\glassfish\jersey\core\jersey-client\2.27\jersey-client-2.27.jar;C:\Users\SDRC_DEV\.m2\repository\javax\ws\rs\javax.ws.rs-api\2.1\javax.ws.rs-api-2.1.jar;C:\Users\SDRC_DEV\.m2\repository\org\glassfish\hk2\external\javax.inject\2.5.0-b42\javax.inject-2.5.0-b42.jar;C:\Users\SDRC_DEV\.m2\repository\org\glassfish\jersey\core\jersey-common\2.27\jersey-common-2.27.jar;C:\Users\SDRC_DEV\.m2\repository\org\glassfish\hk2\osgi-resource-locator\1.0.1\osgi-resource-locator-1.0.1.jar;C:\Users\SDRC_DEV\.m2\repository\org\glassfish\jersey\core\jersey-server\2.27\jersey-server-2.27.jar;C:\Users\SDRC_DEV\.m2\repository\org\glassfish\jersey\media\jersey-media-jaxb\2.27\jersey-media-jaxb-2.27.jar;C:\Users\SDRC_DEV\.m2\repository\org\glassfish\jersey\containers\jersey-container-servlet\2.27\jersey-container-servlet-2.27.jar;C:\Users\SDRC_DEV\.m2\repository\org\glassfish\jersey\containers\jersey-container-servlet-core\2.27\jersey-container-servlet-core-2.27.jar;C:\Users\SDRC_DEV\.m2\repository\io\netty\netty-all\4.1.31.Final\netty-all-4.1.31.Final.jar;C:\Users\SDRC_DEV\.m2\repository\io\netty\netty\3.9.9.Final\netty-3.9.9.Final.jar;C:\Users\SDRC_DEV\.m2\repository\com\clearspring\analytics\stream\2.7.0\stream-2.7.0.jar;C:\Users\SDRC_DEV\.m2\repository\io\dropwizard\metrics\metrics-core\4.0.3\metrics-core-4.0.3.jar;C:\Users\SDRC_DEV\.m2\repository\io\dropwizard\metrics\metrics-jvm\4.0.3\metrics-jvm-4.0.3.jar;C:\Users\SDRC_DEV\.m2\repository\io\dropwizard\metrics\metrics-json\4.0.3\metrics-json-4.0.3.jar;C:\Users\SDRC_DEV\.m2\repository\io\dropwizard\metrics\metrics-graphite\4.0.3\metrics-graphite-4.0.3.jar;C:\Users\SDRC_DEV\.m2\repository\com\rabbitmq\amqp-client\5.4.3\amqp-client-5.4.3.jar;C:\Users\SDRC_DEV\.m2\repository\com\fasterxml\jackson\module\jackson-module-scala_2.11\2.9.7\jackson-module-scala_2.11-2.9.7.jar;C:\Users\SDRC_DEV\.m2\repository\com\fasterxml\jackson\module\jackson-module-paranamer\2.9.7\jackson-module-paranamer-2.9.7.jar;C:\Users\SDRC_DEV\.m2\repository\org\apache\ivy\ivy\2.4.0\ivy-2.4.0.jar;C:\Users\SDRC_DEV\.m2\repository\oro\oro\2.0.8\oro-2.0.8.jar;C:\Users\SDRC_DEV\.m2\repository\net\razorvine\pyrolite\4.13\pyrolite-4.13.jar;C:\Users\SDRC_DEV\.m2\repository\net\sf\py4j\py4j\0.10.7\py4j-0.10.7.jar;C:\Users\SDRC_DEV\.m2\repository\org\apache\commons\commons-crypto\1.0.0\commons-crypto-1.0.0.jar;C:\Users\SDRC_DEV\.m2\repository\org\apache\spark\spark-catalyst_2.11\2.3.1\spark-catalyst_2.11-2.3.1.jar;C:\Users\SDRC_DEV\.m2\repository\org\scala-lang\scala-reflect\2.11.8\scala-reflect-2.11.8.jar;C:\Users\SDRC_DEV\.m2\repository\org\codehaus\janino\janino\3.0.11\janino-3.0.11.jar;C:\Users\SDRC_DEV\.m2\repository\org\codehaus\janino\commons-compiler\3.0.8\commons-compiler-3.0.8.jar;C:\Users\SDRC_DEV\.m2\repository\org\antlr\antlr4-runtime\4.7\antlr4-runtime-4.7.jar;C:\Users\SDRC_DEV\.m2\repository\commons-codec\commons-codec\1.11\commons-codec-1.11.jar;C:\Users\SDRC_DEV\.m2\repository\org\apache\spark\spark-tags_2.11\2.3.1\spark-tags_2.11-2.3.1.jar;C:\Users\SDRC_DEV\.m2\repository\org\apache\orc\orc-core\1.4.4\orc-core-1.4.4-nohive.jar;C:\Users\SDRC_DEV\.m2\repository\com\google\protobuf\protobuf-java\2.5.0\protobuf-java-2.5.0.jar;C:\Users\SDRC_DEV\.m2\repository\commons-lang\commons-lang\2.6\commons-lang-2.6.jar;C:\Users\SDRC_DEV\.m2\repository\io\airlift\aircompressor\0.8\aircompressor-0.8.jar;C:\Users\SDRC_DEV\.m2\repository\org\apache\orc\orc-mapreduce\1.4.4\orc-mapreduce-1.4.4-nohive.jar;C:\Users\SDRC_DEV\.m2\repository\com\esotericsoftware\kryo-shaded\3.0.3\kryo-shaded-3.0.3.jar;C:\Users\SDRC_DEV\.m2\repository\com\esotericsoftware\minlog\1.3.0\minlog-1.3.0.jar;C:\Users\SDRC_DEV\.m2\repository\org\apache\parquet\parquet-column\1.8.3\parquet-column-1.8.3.jar;C:\Users\SDRC_DEV\.m2\repository\org\apache\parquet\parquet-common\1.8.3\parquet-common-1.8.3.jar;C:\Users\SDRC_DEV\.m2\repository\org\apache\parquet\parquet-encoding\1.8.3\parquet-encoding-1.8.3.jar;C:\Users\SDRC_DEV\.m2\repository\org\apache\parquet\parquet-hadoop\1.8.3\parquet-hadoop-1.8.3.jar;C:\Users\SDRC_DEV\.m2\repository\org\apache\parquet\parquet-format\2.3.1\parquet-format-2.3.1.jar;C:\Users\SDRC_DEV\.m2\repository\org\apache\parquet\parquet-jackson\1.8.3\parquet-jackson-1.8.3.jar;C:\Users\SDRC_DEV\.m2\repository\org\codehaus\jackson\jackson-mapper-asl\1.9.11\jackson-mapper-asl-1.9.11.jar;C:\Users\SDRC_DEV\.m2\repository\org\codehaus\jackson\jackson-core-asl\1.9.11\jackson-core-asl-1.9.11.jar;C:\Users\SDRC_DEV\.m2\repository\com\fasterxml\jackson\core\jackson-databind\2.9.7\jackson-databind-2.9.7.jar;C:\Users\SDRC_DEV\.m2\repository\com\fasterxml\jackson\core\jackson-annotations\2.9.0\jackson-annotations-2.9.0.jar;C:\Users\SDRC_DEV\.m2\repository\com\fasterxml\jackson\core\jackson-core\2.9.7\jackson-core-2.9.7.jar;C:\Users\SDRC_DEV\.m2\repository\org\apache\arrow\arrow-vector\0.8.0\arrow-vector-0.8.0.jar;C:\Users\SDRC_DEV\.m2\repository\org\apache\arrow\arrow-format\0.8.0\arrow-format-0.8.0.jar;C:\Users\SDRC_DEV\.m2\repository\org\apache\arrow\arrow-memory\0.8.0\arrow-memory-0.8.0.jar;C:\Users\SDRC_DEV\.m2\repository\joda-time\joda-time\2.10.1\joda-time-2.10.1.jar;C:\Users\SDRC_DEV\.m2\repository\com\carrotsearch\hppc\0.7.2\hppc-0.7.2.jar;C:\Users\SDRC_DEV\.m2\repository\com\vlkan\flatbuffers\1.2.0-3f79e055\flatbuffers-1.2.0-3f79e055.jar;C:\Users\SDRC_DEV\.m2\repository\org\apache\xbean\xbean-asm5-shaded\4.4\xbean-asm5-shaded-4.4.jar;C:\Users\SDRC_DEV\.m2\repository\org\spark-project\spark\unused\1.0.0\unused-1.0.0.jar;C:\Users\SDRC_DEV\.m2\repository\org\apache\spark\spark-mllib_2.11\2.3.1\spark-mllib_2.11-2.3.1.jar;C:\Users\SDRC_DEV\.m2\repository\org\scala-lang\modules\scala-parser-combinators_2.11\1.0.4\scala-parser-combinators_2.11-1.0.4.jar;C:\Users\SDRC_DEV\.m2\repository\org\apache\spark\spark-streaming_2.11\2.3.1\spark-streaming_2.11-2.3.1.jar;C:\Users\SDRC_DEV\.m2\repository\org\apache\spark\spark-graphx_2.11\2.3.1\spark-graphx_2.11-2.3.1.jar;C:\Users\SDRC_DEV\.m2\repository\com\github\fommil\netlib\core\1.1.2\core-1.1.2.jar;C:\Users\SDRC_DEV\.m2\repository\net\sourceforge\f2j\arpack_combined_all\0.1\arpack_combined_all-0.1.jar;C:\Users\SDRC_DEV\.m2\repository\org\apache\spark\spark-mllib-local_2.11\2.3.1\spark-mllib-local_2.11-2.3.1.jar;C:\Users\SDRC_DEV\.m2\repository\org\scalanlp\breeze_2.11\0.13.2\breeze_2.11-0.13.2.jar;C:\Users\SDRC_DEV\.m2\repository\org\scalanlp\breeze-macros_2.11\0.13.2\breeze-macros_2.11-0.13.2.jar;C:\Users\SDRC_DEV\.m2\repository\net\sf\opencsv\opencsv\2.3\opencsv-2.3.jar;C:\Users\SDRC_DEV\.m2\repository\com\github\rwl\jtransforms\2.4.0\jtransforms-2.4.0.jar;C:\Users\SDRC_DEV\.m2\repository\org\spire-math\spire_2.11\0.13.0\spire_2.11-0.13.0.jar;C:\Users\SDRC_DEV\.m2\repository\org\spire-math\spire-macros_2.11\0.13.0\spire-macros_2.11-0.13.0.jar;C:\Users\SDRC_DEV\.m2\repository\org\typelevel\machinist_2.11\0.6.1\machinist_2.11-0.6.1.jar;C:\Users\SDRC_DEV\.m2\repository\com\chuusai\shapeless_2.11\2.3.2\shapeless_2.11-2.3.2.jar;C:\Users\SDRC_DEV\.m2\repository\org\typelevel\macro-compat_2.11\1.1.1\macro-compat_2.11-1.1.1.jar;C:\Users\SDRC_DEV\.m2\repository\org\apache\commons\commons-math3\3.4.1\commons-math3-3.4.1.jar;"/>
    <property name="java.vm.vendor" value="Oracle Corporation"/>
    <property name="sun.arch.data.model" value="64"/>
    <property name="user.variant" value=""/>
    <property name="java.vendor.url" value="http://java.oracle.com/"/>
    <property name="user.timezone" value="Asia/Calcutta"/>
    <property name="java.vm.specification.version" value="1.8"/>
    <property name="os.name" value="Windows 10"/>
    <property name="user.country" value="IN"/>
    <property name="sun.java.launcher" value="SUN_STANDARD"/>
    <property name="sun.boot.library.path" value="C:\Program Files\Java\jdk1.8.0_162\jre\bin"/>
    <property name="sun.java.command" value="C:\Users\SDRC_DEV\AppData\Local\Temp\surefire8262741322793173774\surefirebooter6541083499051656154.jar C:\Users\SDRC_DEV\AppData\Local\Temp\surefire8262741322793173774 2020-06-24T21-56-52_642-jvmRun1 surefire5714493361770400884tmp surefire_09198004187971084860tmp"/>
    <property name="surefire.test.class.path" value="e:\Spark Liquid Workspace\back-end\SparkLiquid\target\test-classes;e:\Spark Liquid Workspace\back-end\SparkLiquid\target\classes;C:\Users\SDRC_DEV\.m2\repository\org\springframework\boot\spring-boot-starter-web\2.1.1.RELEASE\spring-boot-starter-web-2.1.1.RELEASE.jar;C:\Users\SDRC_DEV\.m2\repository\org\springframework\boot\spring-boot-starter\2.1.1.RELEASE\spring-boot-starter-2.1.1.RELEASE.jar;C:\Users\SDRC_DEV\.m2\repository\org\springframework\boot\spring-boot-starter-logging\2.1.1.RELEASE\spring-boot-starter-logging-2.1.1.RELEASE.jar;C:\Users\SDRC_DEV\.m2\repository\ch\qos\logback\logback-classic\1.2.3\logback-classic-1.2.3.jar;C:\Users\SDRC_DEV\.m2\repository\ch\qos\logback\logback-core\1.2.3\logback-core-1.2.3.jar;C:\Users\SDRC_DEV\.m2\repository\org\apache\logging\log4j\log4j-to-slf4j\2.11.1\log4j-to-slf4j-2.11.1.jar;C:\Users\SDRC_DEV\.m2\repository\org\apache\logging\log4j\log4j-api\2.11.1\log4j-api-2.11.1.jar;C:\Users\SDRC_DEV\.m2\repository\javax\annotation\javax.annotation-api\1.3.2\javax.annotation-api-1.3.2.jar;C:\Users\SDRC_DEV\.m2\repository\org\yaml\snakeyaml\1.23\snakeyaml-1.23.jar;C:\Users\SDRC_DEV\.m2\repository\org\springframework\boot\spring-boot-starter-json\2.1.1.RELEASE\spring-boot-starter-json-2.1.1.RELEASE.jar;C:\Users\SDRC_DEV\.m2\repository\com\fasterxml\jackson\datatype\jackson-datatype-jdk8\2.9.7\jackson-datatype-jdk8-2.9.7.jar;C:\Users\SDRC_DEV\.m2\repository\com\fasterxml\jackson\datatype\jackson-datatype-jsr310\2.9.7\jackson-datatype-jsr310-2.9.7.jar;C:\Users\SDRC_DEV\.m2\repository\com\fasterxml\jackson\module\jackson-module-parameter-names\2.9.7\jackson-module-parameter-names-2.9.7.jar;C:\Users\SDRC_DEV\.m2\repository\org\springframework\boot\spring-boot-starter-tomcat\2.1.1.RELEASE\spring-boot-starter-tomcat-2.1.1.RELEASE.jar;C:\Users\SDRC_DEV\.m2\repository\org\apache\tomcat\embed\tomcat-embed-core\9.0.13\tomcat-embed-core-9.0.13.jar;C:\Users\SDRC_DEV\.m2\repository\org\apache\tomcat\embed\tomcat-embed-el\9.0.13\tomcat-embed-el-9.0.13.jar;C:\Users\SDRC_DEV\.m2\repository\org\apache\tomcat\embed\tomcat-embed-websocket\9.0.13\tomcat-embed-websocket-9.0.13.jar;C:\Users\SDRC_DEV\.m2\repository\org\hibernate\validator\hibernate-validator\6.0.13.Final\hibernate-validator-6.0.13.Final.jar;C:\Users\SDRC_DEV\.m2\repository\javax\validation\validation-api\2.0.1.Final\validation-api-2.0.1.Final.jar;C:\Users\SDRC_DEV\.m2\repository\org\jboss\logging\jboss-logging\3.3.2.Final\jboss-logging-3.3.2.Final.jar;C:\Users\SDRC_DEV\.m2\repository\com\fasterxml\classmate\1.4.0\classmate-1.4.0.jar;C:\Users\SDRC_DEV\.m2\repository\org\springframework\spring-web\5.1.3.RELEASE\spring-web-5.1.3.RELEASE.jar;C:\Users\SDRC_DEV\.m2\repository\org\springframework\spring-beans\5.1.3.RELEASE\spring-beans-5.1.3.RELEASE.jar;C:\Users\SDRC_DEV\.m2\repository\org\springframework\spring-webmvc\5.1.3.RELEASE\spring-webmvc-5.1.3.RELEASE.jar;C:\Users\SDRC_DEV\.m2\repository\org\springframework\spring-aop\5.1.3.RELEASE\spring-aop-5.1.3.RELEASE.jar;C:\Users\SDRC_DEV\.m2\repository\org\springframework\spring-context\5.1.3.RELEASE\spring-context-5.1.3.RELEASE.jar;C:\Users\SDRC_DEV\.m2\repository\org\springframework\spring-expression\5.1.3.RELEASE\spring-expression-5.1.3.RELEASE.jar;C:\Users\SDRC_DEV\.m2\repository\org\springframework\boot\spring-boot-devtools\2.1.1.RELEASE\spring-boot-devtools-2.1.1.RELEASE.jar;C:\Users\SDRC_DEV\.m2\repository\org\springframework\boot\spring-boot\2.1.1.RELEASE\spring-boot-2.1.1.RELEASE.jar;C:\Users\SDRC_DEV\.m2\repository\org\springframework\boot\spring-boot-autoconfigure\2.1.1.RELEASE\spring-boot-autoconfigure-2.1.1.RELEASE.jar;C:\Users\SDRC_DEV\.m2\repository\org\springframework\boot\spring-boot-starter-test\2.1.1.RELEASE\spring-boot-starter-test-2.1.1.RELEASE.jar;C:\Users\SDRC_DEV\.m2\repository\org\springframework\boot\spring-boot-test\2.1.1.RELEASE\spring-boot-test-2.1.1.RELEASE.jar;C:\Users\SDRC_DEV\.m2\repository\org\springframework\boot\spring-boot-test-autoconfigure\2.1.1.RELEASE\spring-boot-test-autoconfigure-2.1.1.RELEASE.jar;C:\Users\SDRC_DEV\.m2\repository\com\jayway\jsonpath\json-path\2.4.0\json-path-2.4.0.jar;C:\Users\SDRC_DEV\.m2\repository\net\minidev\json-smart\2.3\json-smart-2.3.jar;C:\Users\SDRC_DEV\.m2\repository\net\minidev\accessors-smart\1.2\accessors-smart-1.2.jar;C:\Users\SDRC_DEV\.m2\repository\org\ow2\asm\asm\5.0.4\asm-5.0.4.jar;C:\Users\SDRC_DEV\.m2\repository\org\slf4j\slf4j-api\1.7.25\slf4j-api-1.7.25.jar;C:\Users\SDRC_DEV\.m2\repository\junit\junit\4.12\junit-4.12.jar;C:\Users\SDRC_DEV\.m2\repository\org\assertj\assertj-core\3.11.1\assertj-core-3.11.1.jar;C:\Users\SDRC_DEV\.m2\repository\org\mockito\mockito-core\2.23.4\mockito-core-2.23.4.jar;C:\Users\SDRC_DEV\.m2\repository\net\bytebuddy\byte-buddy\1.9.5\byte-buddy-1.9.5.jar;C:\Users\SDRC_DEV\.m2\repository\net\bytebuddy\byte-buddy-agent\1.9.5\byte-buddy-agent-1.9.5.jar;C:\Users\SDRC_DEV\.m2\repository\org\objenesis\objenesis\2.6\objenesis-2.6.jar;C:\Users\SDRC_DEV\.m2\repository\org\hamcrest\hamcrest-core\1.3\hamcrest-core-1.3.jar;C:\Users\SDRC_DEV\.m2\repository\org\hamcrest\hamcrest-library\1.3\hamcrest-library-1.3.jar;C:\Users\SDRC_DEV\.m2\repository\org\skyscreamer\jsonassert\1.5.0\jsonassert-1.5.0.jar;C:\Users\SDRC_DEV\.m2\repository\com\vaadin\external\google\android-json\0.0.20131108.vaadin1\android-json-0.0.20131108.vaadin1.jar;C:\Users\SDRC_DEV\.m2\repository\org\springframework\spring-core\5.1.3.RELEASE\spring-core-5.1.3.RELEASE.jar;C:\Users\SDRC_DEV\.m2\repository\org\springframework\spring-jcl\5.1.3.RELEASE\spring-jcl-5.1.3.RELEASE.jar;C:\Users\SDRC_DEV\.m2\repository\org\springframework\spring-test\5.1.3.RELEASE\spring-test-5.1.3.RELEASE.jar;C:\Users\SDRC_DEV\.m2\repository\org\xmlunit\xmlunit-core\2.6.2\xmlunit-core-2.6.2.jar;C:\Users\SDRC_DEV\.m2\repository\org\apache\spark\spark-sql_2.11\2.3.1\spark-sql_2.11-2.3.1.jar;C:\Users\SDRC_DEV\.m2\repository\com\univocity\univocity-parsers\2.5.9\univocity-parsers-2.5.9.jar;C:\Users\SDRC_DEV\.m2\repository\org\apache\spark\spark-sketch_2.11\2.3.1\spark-sketch_2.11-2.3.1.jar;C:\Users\SDRC_DEV\.m2\repository\org\apache\spark\spark-core_2.11\2.3.1\spark-core_2.11-2.3.1.jar;C:\Users\SDRC_DEV\.m2\repository\org\apache\avro\avro\1.7.7\avro-1.7.7.jar;C:\Users\SDRC_DEV\.m2\repository\com\thoughtworks\paranamer\paranamer\2.3\paranamer-2.3.jar;C:\Users\SDRC_DEV\.m2\repository\org\apache\commons\commons-compress\1.4.1\commons-compress-1.4.1.jar;C:\Users\SDRC_DEV\.m2\repository\org\tukaani\xz\1.0\xz-1.0.jar;C:\Users\SDRC_DEV\.m2\repository\org\apache\avro\avro-mapred\1.7.7\avro-mapred-1.7.7-hadoop2.jar;C:\Users\SDRC_DEV\.m2\repository\org\apache\avro\avro-ipc\1.7.7\avro-ipc-1.7.7.jar;C:\Users\SDRC_DEV\.m2\repository\org\apache\avro\avro-ipc\1.7.7\avro-ipc-1.7.7-tests.jar;C:\Users\SDRC_DEV\.m2\repository\com\twitter\chill_2.11\0.8.4\chill_2.11-0.8.4.jar;C:\Users\SDRC_DEV\.m2\repository\com\twitter\chill-java\0.8.4\chill-java-0.8.4.jar;C:\Users\SDRC_DEV\.m2\repository\org\apache\hadoop\hadoop-client\2.6.5\hadoop-client-2.6.5.jar;C:\Users\SDRC_DEV\.m2\repository\org\apache\hadoop\hadoop-common\2.6.5\hadoop-common-2.6.5.jar;C:\Users\SDRC_DEV\.m2\repository\commons-cli\commons-cli\1.2\commons-cli-1.2.jar;C:\Users\SDRC_DEV\.m2\repository\xmlenc\xmlenc\0.52\xmlenc-0.52.jar;C:\Users\SDRC_DEV\.m2\repository\commons-httpclient\commons-httpclient\3.1\commons-httpclient-3.1.jar;C:\Users\SDRC_DEV\.m2\repository\commons-io\commons-io\2.4\commons-io-2.4.jar;C:\Users\SDRC_DEV\.m2\repository\commons-collections\commons-collections\3.2.2\commons-collections-3.2.2.jar;C:\Users\SDRC_DEV\.m2\repository\commons-configuration\commons-configuration\1.6\commons-configuration-1.6.jar;C:\Users\SDRC_DEV\.m2\repository\commons-digester\commons-digester\1.8\commons-digester-1.8.jar;C:\Users\SDRC_DEV\.m2\repository\commons-beanutils\commons-beanutils\1.7.0\commons-beanutils-1.7.0.jar;C:\Users\SDRC_DEV\.m2\repository\commons-beanutils\commons-beanutils-core\1.8.0\commons-beanutils-core-1.8.0.jar;C:\Users\SDRC_DEV\.m2\repository\com\google\code\gson\gson\2.8.5\gson-2.8.5.jar;C:\Users\SDRC_DEV\.m2\repository\org\apache\hadoop\hadoop-auth\2.6.5\hadoop-auth-2.6.5.jar;C:\Users\SDRC_DEV\.m2\repository\org\apache\directory\server\apacheds-kerberos-codec\2.0.0-M15\apacheds-kerberos-codec-2.0.0-M15.jar;C:\Users\SDRC_DEV\.m2\repository\org\apache\directory\server\apacheds-i18n\2.0.0-M15\apacheds-i18n-2.0.0-M15.jar;C:\Users\SDRC_DEV\.m2\repository\org\apache\directory\api\api-asn1-api\1.0.0-M20\api-asn1-api-1.0.0-M20.jar;C:\Users\SDRC_DEV\.m2\repository\org\apache\directory\api\api-util\1.0.0-M20\api-util-1.0.0-M20.jar;C:\Users\SDRC_DEV\.m2\repository\org\apache\curator\curator-client\2.6.0\curator-client-2.6.0.jar;C:\Users\SDRC_DEV\.m2\repository\org\htrace\htrace-core\3.0.4\htrace-core-3.0.4.jar;C:\Users\SDRC_DEV\.m2\repository\org\apache\hadoop\hadoop-hdfs\2.6.5\hadoop-hdfs-2.6.5.jar;C:\Users\SDRC_DEV\.m2\repository\org\mortbay\jetty\jetty-util\6.1.26\jetty-util-6.1.26.jar;C:\Users\SDRC_DEV\.m2\repository\xerces\xercesImpl\2.9.1\xercesImpl-2.9.1.jar;C:\Users\SDRC_DEV\.m2\repository\xml-apis\xml-apis\1.4.01\xml-apis-1.4.01.jar;C:\Users\SDRC_DEV\.m2\repository\org\apache\hadoop\hadoop-mapreduce-client-app\2.6.5\hadoop-mapreduce-client-app-2.6.5.jar;C:\Users\SDRC_DEV\.m2\repository\org\apache\hadoop\hadoop-mapreduce-client-common\2.6.5\hadoop-mapreduce-client-common-2.6.5.jar;C:\Users\SDRC_DEV\.m2\repository\org\apache\hadoop\hadoop-yarn-client\2.6.5\hadoop-yarn-client-2.6.5.jar;C:\Users\SDRC_DEV\.m2\repository\org\apache\hadoop\hadoop-yarn-server-common\2.6.5\hadoop-yarn-server-common-2.6.5.jar;C:\Users\SDRC_DEV\.m2\repository\org\apache\hadoop\hadoop-mapreduce-client-shuffle\2.6.5\hadoop-mapreduce-client-shuffle-2.6.5.jar;C:\Users\SDRC_DEV\.m2\repository\org\apache\hadoop\hadoop-yarn-api\2.6.5\hadoop-yarn-api-2.6.5.jar;C:\Users\SDRC_DEV\.m2\repository\org\apache\hadoop\hadoop-mapreduce-client-core\2.6.5\hadoop-mapreduce-client-core-2.6.5.jar;C:\Users\SDRC_DEV\.m2\repository\org\apache\hadoop\hadoop-yarn-common\2.6.5\hadoop-yarn-common-2.6.5.jar;C:\Users\SDRC_DEV\.m2\repository\javax\xml\bind\jaxb-api\2.3.1\jaxb-api-2.3.1.jar;C:\Users\SDRC_DEV\.m2\repository\javax\activation\javax.activation-api\1.2.0\javax.activation-api-1.2.0.jar;C:\Users\SDRC_DEV\.m2\repository\org\codehaus\jackson\jackson-jaxrs\1.9.13\jackson-jaxrs-1.9.13.jar;C:\Users\SDRC_DEV\.m2\repository\org\codehaus\jackson\jackson-xc\1.9.13\jackson-xc-1.9.13.jar;C:\Users\SDRC_DEV\.m2\repository\org\apache\hadoop\hadoop-mapreduce-client-jobclient\2.6.5\hadoop-mapreduce-client-jobclient-2.6.5.jar;C:\Users\SDRC_DEV\.m2\repository\org\apache\hadoop\hadoop-annotations\2.6.5\hadoop-annotations-2.6.5.jar;C:\Users\SDRC_DEV\.m2\repository\org\apache\spark\spark-launcher_2.11\2.3.1\spark-launcher_2.11-2.3.1.jar;C:\Users\SDRC_DEV\.m2\repository\org\apache\spark\spark-kvstore_2.11\2.3.1\spark-kvstore_2.11-2.3.1.jar;C:\Users\SDRC_DEV\.m2\repository\org\fusesource\leveldbjni\leveldbjni-all\1.8\leveldbjni-all-1.8.jar;C:\Users\SDRC_DEV\.m2\repository\org\apache\spark\spark-network-common_2.11\2.3.1\spark-network-common_2.11-2.3.1.jar;C:\Users\SDRC_DEV\.m2\repository\org\apache\spark\spark-network-shuffle_2.11\2.3.1\spark-network-shuffle_2.11-2.3.1.jar;C:\Users\SDRC_DEV\.m2\repository\org\apache\spark\spark-unsafe_2.11\2.3.1\spark-unsafe_2.11-2.3.1.jar;C:\Users\SDRC_DEV\.m2\repository\net\java\dev\jets3t\jets3t\0.9.4\jets3t-0.9.4.jar;C:\Users\SDRC_DEV\.m2\repository\org\apache\httpcomponents\httpcore\4.4.10\httpcore-4.4.10.jar;C:\Users\SDRC_DEV\.m2\repository\org\apache\httpcomponents\httpclient\4.5.6\httpclient-4.5.6.jar;C:\Users\SDRC_DEV\.m2\repository\javax\activation\activation\1.1.1\activation-1.1.1.jar;C:\Users\SDRC_DEV\.m2\repository\org\bouncycastle\bcprov-jdk15on\1.52\bcprov-jdk15on-1.52.jar;C:\Users\SDRC_DEV\.m2\repository\com\jamesmurty\utils\java-xmlbuilder\1.1\java-xmlbuilder-1.1.jar;C:\Users\SDRC_DEV\.m2\repository\net\iharder\base64\2.3.8\base64-2.3.8.jar;C:\Users\SDRC_DEV\.m2\repository\org\apache\curator\curator-recipes\2.6.0\curator-recipes-2.6.0.jar;C:\Users\SDRC_DEV\.m2\repository\org\apache\curator\curator-framework\2.6.0\curator-framework-2.6.0.jar;C:\Users\SDRC_DEV\.m2\repository\org\apache\zookeeper\zookeeper\3.4.6\zookeeper-3.4.6.jar;C:\Users\SDRC_DEV\.m2\repository\com\google\guava\guava\16.0.1\guava-16.0.1.jar;C:\Users\SDRC_DEV\.m2\repository\javax\servlet\javax.servlet-api\4.0.1\javax.servlet-api-4.0.1.jar;C:\Users\SDRC_DEV\.m2\repository\org\apache\commons\commons-lang3\3.8.1\commons-lang3-3.8.1.jar;C:\Users\SDRC_DEV\.m2\repository\com\google\code\findbugs\jsr305\1.3.9\jsr305-1.3.9.jar;C:\Users\SDRC_DEV\.m2\repository\org\slf4j\jul-to-slf4j\1.7.25\jul-to-slf4j-1.7.25.jar;C:\Users\SDRC_DEV\.m2\repository\org\slf4j\jcl-over-slf4j\1.7.25\jcl-over-slf4j-1.7.25.jar;C:\Users\SDRC_DEV\.m2\repository\log4j\log4j\1.2.17\log4j-1.2.17.jar;C:\Users\SDRC_DEV\.m2\repository\org\slf4j\slf4j-log4j12\1.7.25\slf4j-log4j12-1.7.25.jar;C:\Users\SDRC_DEV\.m2\repository\com\ning\compress-lzf\1.0.3\compress-lzf-1.0.3.jar;C:\Users\SDRC_DEV\.m2\repository\org\xerial\snappy\snappy-java\1.1.2.6\snappy-java-1.1.2.6.jar;C:\Users\SDRC_DEV\.m2\repository\org\lz4\lz4-java\1.4.0\lz4-java-1.4.0.jar;C:\Users\SDRC_DEV\.m2\repository\com\github\luben\zstd-jni\1.3.2-2\zstd-jni-1.3.2-2.jar;C:\Users\SDRC_DEV\.m2\repository\org\roaringbitmap\RoaringBitmap\0.5.11\RoaringBitmap-0.5.11.jar;C:\Users\SDRC_DEV\.m2\repository\commons-net\commons-net\2.2\commons-net-2.2.jar;C:\Users\SDRC_DEV\.m2\repository\org\scala-lang\scala-library\2.11.8\scala-library-2.11.8.jar;C:\Users\SDRC_DEV\.m2\repository\org\json4s\json4s-jackson_2.11\3.2.11\json4s-jackson_2.11-3.2.11.jar;C:\Users\SDRC_DEV\.m2\repository\org\json4s\json4s-core_2.11\3.2.11\json4s-core_2.11-3.2.11.jar;C:\Users\SDRC_DEV\.m2\repository\org\json4s\json4s-ast_2.11\3.2.11\json4s-ast_2.11-3.2.11.jar;C:\Users\SDRC_DEV\.m2\repository\org\scala-lang\scalap\2.11.0\scalap-2.11.0.jar;C:\Users\SDRC_DEV\.m2\repository\org\scala-lang\scala-compiler\2.11.0\scala-compiler-2.11.0.jar;C:\Users\SDRC_DEV\.m2\repository\org\scala-lang\modules\scala-xml_2.11\1.0.1\scala-xml_2.11-1.0.1.jar;C:\Users\SDRC_DEV\.m2\repository\org\glassfish\jersey\core\jersey-client\2.27\jersey-client-2.27.jar;C:\Users\SDRC_DEV\.m2\repository\javax\ws\rs\javax.ws.rs-api\2.1\javax.ws.rs-api-2.1.jar;C:\Users\SDRC_DEV\.m2\repository\org\glassfish\hk2\external\javax.inject\2.5.0-b42\javax.inject-2.5.0-b42.jar;C:\Users\SDRC_DEV\.m2\repository\org\glassfish\jersey\core\jersey-common\2.27\jersey-common-2.27.jar;C:\Users\SDRC_DEV\.m2\repository\org\glassfish\hk2\osgi-resource-locator\1.0.1\osgi-resource-locator-1.0.1.jar;C:\Users\SDRC_DEV\.m2\repository\org\glassfish\jersey\core\jersey-server\2.27\jersey-server-2.27.jar;C:\Users\SDRC_DEV\.m2\repository\org\glassfish\jersey\media\jersey-media-jaxb\2.27\jersey-media-jaxb-2.27.jar;C:\Users\SDRC_DEV\.m2\repository\org\glassfish\jersey\containers\jersey-container-servlet\2.27\jersey-container-servlet-2.27.jar;C:\Users\SDRC_DEV\.m2\repository\org\glassfish\jersey\containers\jersey-container-servlet-core\2.27\jersey-container-servlet-core-2.27.jar;C:\Users\SDRC_DEV\.m2\repository\io\netty\netty-all\4.1.31.Final\netty-all-4.1.31.Final.jar;C:\Users\SDRC_DEV\.m2\repository\io\netty\netty\3.9.9.Final\netty-3.9.9.Final.jar;C:\Users\SDRC_DEV\.m2\repository\com\clearspring\analytics\stream\2.7.0\stream-2.7.0.jar;C:\Users\SDRC_DEV\.m2\repository\io\dropwizard\metrics\metrics-core\4.0.3\metrics-core-4.0.3.jar;C:\Users\SDRC_DEV\.m2\repository\io\dropwizard\metrics\metrics-jvm\4.0.3\metrics-jvm-4.0.3.jar;C:\Users\SDRC_DEV\.m2\repository\io\dropwizard\metrics\metrics-json\4.0.3\metrics-json-4.0.3.jar;C:\Users\SDRC_DEV\.m2\repository\io\dropwizard\metrics\metrics-graphite\4.0.3\metrics-graphite-4.0.3.jar;C:\Users\SDRC_DEV\.m2\repository\com\rabbitmq\amqp-client\5.4.3\amqp-client-5.4.3.jar;C:\Users\SDRC_DEV\.m2\repository\com\fasterxml\jackson\module\jackson-module-scala_2.11\2.9.7\jackson-module-scala_2.11-2.9.7.jar;C:\Users\SDRC_DEV\.m2\repository\com\fasterxml\jackson\module\jackson-module-paranamer\2.9.7\jackson-module-paranamer-2.9.7.jar;C:\Users\SDRC_DEV\.m2\repository\org\apache\ivy\ivy\2.4.0\ivy-2.4.0.jar;C:\Users\SDRC_DEV\.m2\repository\oro\oro\2.0.8\oro-2.0.8.jar;C:\Users\SDRC_DEV\.m2\repository\net\razorvine\pyrolite\4.13\pyrolite-4.13.jar;C:\Users\SDRC_DEV\.m2\repository\net\sf\py4j\py4j\0.10.7\py4j-0.10.7.jar;C:\Users\SDRC_DEV\.m2\repository\org\apache\commons\commons-crypto\1.0.0\commons-crypto-1.0.0.jar;C:\Users\SDRC_DEV\.m2\repository\org\apache\spark\spark-catalyst_2.11\2.3.1\spark-catalyst_2.11-2.3.1.jar;C:\Users\SDRC_DEV\.m2\repository\org\scala-lang\scala-reflect\2.11.8\scala-reflect-2.11.8.jar;C:\Users\SDRC_DEV\.m2\repository\org\codehaus\janino\janino\3.0.11\janino-3.0.11.jar;C:\Users\SDRC_DEV\.m2\repository\org\codehaus\janino\commons-compiler\3.0.8\commons-compiler-3.0.8.jar;C:\Users\SDRC_DEV\.m2\repository\org\antlr\antlr4-runtime\4.7\antlr4-runtime-4.7.jar;C:\Users\SDRC_DEV\.m2\repository\commons-codec\commons-codec\1.11\commons-codec-1.11.jar;C:\Users\SDRC_DEV\.m2\repository\org\apache\spark\spark-tags_2.11\2.3.1\spark-tags_2.11-2.3.1.jar;C:\Users\SDRC_DEV\.m2\repository\org\apache\orc\orc-core\1.4.4\orc-core-1.4.4-nohive.jar;C:\Users\SDRC_DEV\.m2\repository\com\google\protobuf\protobuf-java\2.5.0\protobuf-java-2.5.0.jar;C:\Users\SDRC_DEV\.m2\repository\commons-lang\commons-lang\2.6\commons-lang-2.6.jar;C:\Users\SDRC_DEV\.m2\repository\io\airlift\aircompressor\0.8\aircompressor-0.8.jar;C:\Users\SDRC_DEV\.m2\repository\org\apache\orc\orc-mapreduce\1.4.4\orc-mapreduce-1.4.4-nohive.jar;C:\Users\SDRC_DEV\.m2\repository\com\esotericsoftware\kryo-shaded\3.0.3\kryo-shaded-3.0.3.jar;C:\Users\SDRC_DEV\.m2\repository\com\esotericsoftware\minlog\1.3.0\minlog-1.3.0.jar;C:\Users\SDRC_DEV\.m2\repository\org\apache\parquet\parquet-column\1.8.3\parquet-column-1.8.3.jar;C:\Users\SDRC_DEV\.m2\repository\org\apache\parquet\parquet-common\1.8.3\parquet-common-1.8.3.jar;C:\Users\SDRC_DEV\.m2\repository\org\apache\parquet\parquet-encoding\1.8.3\parquet-encoding-1.8.3.jar;C:\Users\SDRC_DEV\.m2\repository\org\apache\parquet\parquet-hadoop\1.8.3\parquet-hadoop-1.8.3.jar;C:\Users\SDRC_DEV\.m2\repository\org\apache\parquet\parquet-format\2.3.1\parquet-format-2.3.1.jar;C:\Users\SDRC_DEV\.m2\repository\org\apache\parquet\parquet-jackson\1.8.3\parquet-jackson-1.8.3.jar;C:\Users\SDRC_DEV\.m2\repository\org\codehaus\jackson\jackson-mapper-asl\1.9.11\jackson-mapper-asl-1.9.11.jar;C:\Users\SDRC_DEV\.m2\repository\org\codehaus\jackson\jackson-core-asl\1.9.11\jackson-core-asl-1.9.11.jar;C:\Users\SDRC_DEV\.m2\repository\com\fasterxml\jackson\core\jackson-databind\2.9.7\jackson-databind-2.9.7.jar;C:\Users\SDRC_DEV\.m2\repository\com\fasterxml\jackson\core\jackson-annotations\2.9.0\jackson-annotations-2.9.0.jar;C:\Users\SDRC_DEV\.m2\repository\com\fasterxml\jackson\core\jackson-core\2.9.7\jackson-core-2.9.7.jar;C:\Users\SDRC_DEV\.m2\repository\org\apache\arrow\arrow-vector\0.8.0\arrow-vector-0.8.0.jar;C:\Users\SDRC_DEV\.m2\repository\org\apache\arrow\arrow-format\0.8.0\arrow-format-0.8.0.jar;C:\Users\SDRC_DEV\.m2\repository\org\apache\arrow\arrow-memory\0.8.0\arrow-memory-0.8.0.jar;C:\Users\SDRC_DEV\.m2\repository\joda-time\joda-time\2.10.1\joda-time-2.10.1.jar;C:\Users\SDRC_DEV\.m2\repository\com\carrotsearch\hppc\0.7.2\hppc-0.7.2.jar;C:\Users\SDRC_DEV\.m2\repository\com\vlkan\flatbuffers\1.2.0-3f79e055\flatbuffers-1.2.0-3f79e055.jar;C:\Users\SDRC_DEV\.m2\repository\org\apache\xbean\xbean-asm5-shaded\4.4\xbean-asm5-shaded-4.4.jar;C:\Users\SDRC_DEV\.m2\repository\org\spark-project\spark\unused\1.0.0\unused-1.0.0.jar;C:\Users\SDRC_DEV\.m2\repository\org\apache\spark\spark-mllib_2.11\2.3.1\spark-mllib_2.11-2.3.1.jar;C:\Users\SDRC_DEV\.m2\repository\org\scala-lang\modules\scala-parser-combinators_2.11\1.0.4\scala-parser-combinators_2.11-1.0.4.jar;C:\Users\SDRC_DEV\.m2\repository\org\apache\spark\spark-streaming_2.11\2.3.1\spark-streaming_2.11-2.3.1.jar;C:\Users\SDRC_DEV\.m2\repository\org\apache\spark\spark-graphx_2.11\2.3.1\spark-graphx_2.11-2.3.1.jar;C:\Users\SDRC_DEV\.m2\repository\com\github\fommil\netlib\core\1.1.2\core-1.1.2.jar;C:\Users\SDRC_DEV\.m2\repository\net\sourceforge\f2j\arpack_combined_all\0.1\arpack_combined_all-0.1.jar;C:\Users\SDRC_DEV\.m2\repository\org\apache\spark\spark-mllib-local_2.11\2.3.1\spark-mllib-local_2.11-2.3.1.jar;C:\Users\SDRC_DEV\.m2\repository\org\scalanlp\breeze_2.11\0.13.2\breeze_2.11-0.13.2.jar;C:\Users\SDRC_DEV\.m2\repository\org\scalanlp\breeze-macros_2.11\0.13.2\breeze-macros_2.11-0.13.2.jar;C:\Users\SDRC_DEV\.m2\repository\net\sf\opencsv\opencsv\2.3\opencsv-2.3.jar;C:\Users\SDRC_DEV\.m2\repository\com\github\rwl\jtransforms\2.4.0\jtransforms-2.4.0.jar;C:\Users\SDRC_DEV\.m2\repository\org\spire-math\spire_2.11\0.13.0\spire_2.11-0.13.0.jar;C:\Users\SDRC_DEV\.m2\repository\org\spire-math\spire-macros_2.11\0.13.0\spire-macros_2.11-0.13.0.jar;C:\Users\SDRC_DEV\.m2\repository\org\typelevel\machinist_2.11\0.6.1\machinist_2.11-0.6.1.jar;C:\Users\SDRC_DEV\.m2\repository\com\chuusai\shapeless_2.11\2.3.2\shapeless_2.11-2.3.2.jar;C:\Users\SDRC_DEV\.m2\repository\org\typelevel\macro-compat_2.11\1.1.1\macro-compat_2.11-1.1.1.jar;C:\Users\SDRC_DEV\.m2\repository\org\apache\commons\commons-math3\3.4.1\commons-math3-3.4.1.jar;"/>
    <property name="sun.cpu.endian" value="little"/>
    <property name="user.home" value="C:\Users\SDRC_DEV"/>
    <property name="user.language" value="en"/>
    <property name="java.specification.vendor" value="Oracle Corporation"/>
    <property name="java.home" value="C:\Program Files\Java\jdk1.8.0_162\jre"/>
    <property name="basedir" value="e:\Spark Liquid Workspace\back-end\SparkLiquid"/>
    <property name="file.separator" value="\"/>
    <property name="line.separator" value="&#10;"/>
    <property name="java.vm.specification.vendor" value="Oracle Corporation"/>
    <property name="java.specification.name" value="Java Platform API Specification"/>
    <property name="java.awt.graphicsenv" value="sun.awt.Win32GraphicsEnvironment"/>
    <property name="surefire.real.class.path" value="C:\Users\SDRC_DEV\AppData\Local\Temp\surefire8262741322793173774\surefirebooter6541083499051656154.jar"/>
    <property name="sun.boot.class.path" value="C:\Program Files\Java\jdk1.8.0_162\jre\lib\resources.jar;C:\Program Files\Java\jdk1.8.0_162\jre\lib\rt.jar;C:\Program Files\Java\jdk1.8.0_162\jre\lib\sunrsasign.jar;C:\Program Files\Java\jdk1.8.0_162\jre\lib\jsse.jar;C:\Program Files\Java\jdk1.8.0_162\jre\lib\jce.jar;C:\Program Files\Java\jdk1.8.0_162\jre\lib\charsets.jar;C:\Program Files\Java\jdk1.8.0_162\jre\lib\jfr.jar;C:\Program Files\Java\jdk1.8.0_162\jre\classes"/>
    <property name="user.script" value=""/>
    <property name="sun.management.compiler" value="HotSpot 64-Bit Tiered Compilers"/>
    <property name="java.runtime.version" value="1.8.0_162-b12"/>
    <property name="user.name" value="SDRC_DEV"/>
    <property name="path.separator" value=";"/>
    <property name="os.version" value="10.0"/>
    <property name="java.endorsed.dirs" value="C:\Program Files\Java\jdk1.8.0_162\jre\lib\endorsed"/>
    <property name="java.runtime.name" value="Java(TM) SE Runtime Environment"/>
    <property name="file.encoding" value="Cp1252"/>
    <property name="java.vm.name" value="Java HotSpot(TM) 64-Bit Server VM"/>
    <property name="localRepository" value="C:\Users\SDRC_DEV\.m2\repository"/>
    <property name="java.vendor.url.bug" value="http://bugreport.sun.com/bugreport/"/>
    <property name="java.io.tmpdir" value="C:\Users\SDRC_DEV\AppData\Local\Temp\"/>
    <property name="java.version" value="1.8.0_162"/>
    <property name="user.dir" value="e:\Spark Liquid Workspace\back-end\SparkLiquid"/>
    <property name="os.arch" value="amd64"/>
    <property name="java.vm.specification.name" value="Java Virtual Machine Specification"/>
    <property name="java.awt.printerjob" value="sun.awt.windows.WPrinterJob"/>
    <property name="sun.os.patch.level" value=""/>
    <property name="java.library.path" value="C:\Program Files\Java\jdk1.8.0_162\jre\bin;C:\WINDOWS\Sun\Java\bin;C:\WINDOWS\system32;C:\WINDOWS;C:\ProgramData\Oracle\Java\javapath;C:\WINDOWS\system32;C:\WINDOWS;C:\WINDOWS\System32\Wbem;C:\WINDOWS\System32\WindowsPowerShell\v1.0\;C:\WINDOWS\System32\OpenSSH\;C:\Program Files\TortoiseSVN\bin;C:\Program Files (x86)\CrSSL\bin;C:\Program Files\nodejs\;C:\Program Files\Git\cmd;C:\Program Files\MongoDB\Server\3.6\bin;E:\spark-2.3.1-bin-hadoop2.7\bin;C:\Program Files (x86)\scala\bin;C:\Program Files (x86)\CrSSL\bin;C:\Users\SDRC_DEV\Anaconda3\Scripts;C:\Users\SDRC_DEV\AppData\Local\Programs\Python\Python37\Scripts\;C:\Users\SDRC_DEV\AppData\Local\Programs\Python\Python37\;C:\Users\SDRC_DEV\AppData\Local\Microsoft\WindowsApps;C:\Program Files\Java\jdk1.8.0_162\bin;C:\Users\SDRC_DEV\AppData\Local\Android\Sdk;C:\Users\SDRC_DEV\AppData\Local\Android\Sdk\platform-tools;C:\Users\SDRC_DEV\AppData\Local\Programs\Microsoft VS Code\bin;E:\apache-maven-3.5.4-bin\apache-maven-3.5.4\bin;C:\Users\SDRC_DEV\AppData\Roaming\npm;C:\Program Files\MongoDB\Server\3.6\bin;E:\biswa;C:\Program Files\Java\jre1.8.0_162\bin;E:\spark-2.3.1-bin-hadoop2.7\bin;E:\elasticsearch-7.3.2-windows-x86_64\elasticsearch-7.3.2\bin;C:\Program Files\JetBrains\PyCharm Community Edition 2019.2.3\bin;;E:\;;."/>
    <property name="java.vm.info" value="mixed mode"/>
    <property name="java.vendor" value="Oracle Corporation"/>
    <property name="java.vm.version" value="25.162-b12"/>
    <property name="java.ext.dirs" value="C:\Program Files\Java\jdk1.8.0_162\jre\lib\ext;C:\WINDOWS\Sun\Java\lib\ext"/>
    <property name="sun.io.unicode.encoding" value="UnicodeLittle"/>
    <property name="java.class.version" value="52.0"/>
  </properties>
  <testcase name="initializationError" classname="org.sdrc.sparkai.sparkai.SparkaiApplicationTests" time="0.001">
    <error message="Unable to find a @SpringBootConfiguration, you need to use @ContextConfiguration or @SpringBootTest(classes=...) with your test" type="java.lang.IllegalStateException">java.lang.IllegalStateException: Unable to find a @SpringBootConfiguration, you need to use @ContextConfiguration or @SpringBootTest(classes=...) with your test
</error>
    <system-out><![CDATA[21:56:54.589 [main] DEBUG org.springframework.test.context.junit4.SpringJUnit4ClassRunner - SpringJUnit4ClassRunner constructor called with [class org.sdrc.sparkai.sparkai.SparkaiApplicationTests]
21:56:54.610 [main] DEBUG org.springframework.test.context.BootstrapUtils - Instantiating CacheAwareContextLoaderDelegate from class [org.springframework.test.context.cache.DefaultCacheAwareContextLoaderDelegate]
21:56:54.622 [main] DEBUG org.springframework.test.context.BootstrapUtils - Instantiating BootstrapContext using constructor [public org.springframework.test.context.support.DefaultBootstrapContext(java.lang.Class,org.springframework.test.context.CacheAwareContextLoaderDelegate)]
21:56:54.639 [main] DEBUG org.springframework.test.context.BootstrapUtils - Instantiating TestContextBootstrapper for test class [org.sdrc.sparkai.sparkai.SparkaiApplicationTests] from class [org.springframework.boot.test.context.SpringBootTestContextBootstrapper]
21:56:54.660 [main] INFO org.springframework.boot.test.context.SpringBootTestContextBootstrapper - Neither @ContextConfiguration nor @ContextHierarchy found for test class [org.sdrc.sparkai.sparkai.SparkaiApplicationTests], using SpringBootContextLoader
21:56:54.663 [main] DEBUG org.springframework.test.context.support.AbstractContextLoader - Did not detect default resource location for test class [org.sdrc.sparkai.sparkai.SparkaiApplicationTests]: class path resource [org/sdrc/sparkai/sparkai/SparkaiApplicationTests-context.xml] does not exist
21:56:54.664 [main] DEBUG org.springframework.test.context.support.AbstractContextLoader - Did not detect default resource location for test class [org.sdrc.sparkai.sparkai.SparkaiApplicationTests]: class path resource [org/sdrc/sparkai/sparkai/SparkaiApplicationTestsContext.groovy] does not exist
21:56:54.664 [main] INFO org.springframework.test.context.support.AbstractContextLoader - Could not detect default resource locations for test class [org.sdrc.sparkai.sparkai.SparkaiApplicationTests]: no resource found for suffixes {-context.xml, Context.groovy}.
21:56:54.666 [main] INFO org.springframework.test.context.support.AnnotationConfigContextLoaderUtils - Could not detect default configuration classes for test class [org.sdrc.sparkai.sparkai.SparkaiApplicationTests]: SparkaiApplicationTests does not declare any static, non-private, non-final, nested classes annotated with @Configuration.
21:56:54.811 [main] DEBUG org.springframework.test.context.support.ActiveProfilesUtils - Could not find an 'annotation declaring class' for annotation type [org.springframework.test.context.ActiveProfiles] and class [org.sdrc.sparkai.sparkai.SparkaiApplicationTests]
]]></system-out>
    <system-err><![CDATA[SLF4J: Class path contains multiple SLF4J bindings.
SLF4J: Found binding in [jar:file:/C:/Users/SDRC_DEV/.m2/repository/ch/qos/logback/logback-classic/1.2.3/logback-classic-1.2.3.jar!/org/slf4j/impl/StaticLoggerBinder.class]
SLF4J: Found binding in [jar:file:/C:/Users/SDRC_DEV/.m2/repository/org/slf4j/slf4j-log4j12/1.7.25/slf4j-log4j12-1.7.25.jar!/org/slf4j/impl/StaticLoggerBinder.class]
SLF4J: See http://www.slf4j.org/codes.html#multiple_bindings for an explanation.
SLF4J: Actual binding is of type [ch.qos.logback.classic.util.ContextSelectorStaticBinder]
]]></system-err>
  </testcase>
</testsuite>